<?xml version="1.0" encoding="UTF-8"?>
<!-- Generated by org.testng.reporters.JUnitReportReporter -->
<testsuite hostname="ip-172-31-45-180" failures="0" tests="1" name="com.stackroot.spicejet.AppTest" time="17.105" errors="0" timestamp="2021-02-06T17:38:50 UTC" skipped="0">
  <testcase classname="com.stackroot.spicejet.AppTest" name="verifyLoginTest01" time="17.105"/>
  <system-out/>
</testsuite> <!-- com.stackroot.spicejet.AppTest -->
