<?xml version="1.0" encoding="UTF-8"?>
<!-- Generated by org.testng.reporters.JUnitReportReporter -->
<testsuite hostname="ip-172-31-45-180" failures="0" tests="1" name="com.stackroot.spicejet.MultiCity" time="24.081" errors="0" timestamp="2021-02-07T15:50:25 UTC" skipped="0">
  <testcase classname="com.stackroot.spicejet.MultiCity" name="verifyLoginTest01" time="24.081"/>
  <system-out/>
</testsuite> <!-- com.stackroot.spicejet.MultiCity -->
