<?xml version="1.0" encoding="UTF-8"?>
<!-- Generated by org.testng.reporters.JUnitReportReporter -->
<testsuite hostname="ip-172-31-45-180" failures="0" tests="1" name="com.stackroot.spicejet.RoundWay" time="11.244" errors="0" timestamp="2021-02-07T15:49:33 UTC" skipped="0">
  <testcase classname="com.stackroot.spicejet.RoundWay" name="verifyLoginTest02" time="11.244"/>
  <system-out/>
</testsuite> <!-- com.stackroot.spicejet.RoundWay -->
